<?xml version="1.0" encoding="UTF-8"?>
<testng-results ignored="0" total="2" passed="2" failed="0" skipped="0">
  <reporter-output>
  </reporter-output>
  <suite started-at="2020-11-22T21:25:08 NZDT" name="Regression Test Suite" finished-at="2020-11-22T21:28:29 NZDT" duration-ms="200309">
    <groups>
    </groups>
    <test started-at="2020-11-22T21:25:08 NZDT" name="Application Test" finished-at="2020-11-22T21:28:29 NZDT" duration-ms="200309">
      <class name="payroll.testclasess.AddBankAccountTest">
        <test-method is-config="true" signature="commonSetUp(java.lang.String, java.lang.String)[pri:0, instance:payroll.testclasess.AddBankAccountTest@6c345c5f]" started-at="2020-11-22T21:25:08 NZDT" name="commonSetUp" finished-at="2020-11-22T21:25:19 NZDT" duration-ms="10357" status="PASS">
          <params>
            <param index="0">
              <value>
                <![CDATA[chrome]]>
              </value>
            </param>
            <param index="1">
              <value>
                <![CDATA[Login]]>
              </value>
            </param>
          </params>
          <reporter-output>
          </reporter-output>
        </test-method> <!-- commonSetUp -->
        <test-method signature="logTotheSystem(java.lang.String, java.lang.String)[pri:0, instance:payroll.testclasess.AddBankAccountTest@6c345c5f]" started-at="2020-11-22T21:25:19 NZDT" name="logTotheSystem" data-provider="AddBankAccount" finished-at="2020-11-22T21:26:59 NZDT" duration-ms="100157" status="PASS">
          <params>
            <param index="0">
              <value>
                <![CDATA[jcmullage@gmail.com]]>
              </value>
            </param>
            <param index="1">
              <value>
                <![CDATA[2wsx1qaz~]]>
              </value>
            </param>
          </params>
          <reporter-output>
          </reporter-output>
        </test-method> <!-- logTotheSystem -->
        <test-method signature="logTotheSystem(java.lang.String, java.lang.String)[pri:0, instance:payroll.testclasess.AddBankAccountTest@6c345c5f]" started-at="2020-11-22T21:26:59 NZDT" name="logTotheSystem" data-provider="AddBankAccount" finished-at="2020-11-22T21:28:27 NZDT" duration-ms="88457" status="PASS">
          <params>
            <param index="0">
              <value>
                <![CDATA[jcmullage@gmail.com]]>
              </value>
            </param>
            <param index="1">
              <value>
                <![CDATA[2wsx1qaz~]]>
              </value>
            </param>
          </params>
          <reporter-output>
          </reporter-output>
        </test-method> <!-- logTotheSystem -->
        <test-method is-config="true" signature="commonTearDown()[pri:0, instance:payroll.testclasess.AddBankAccountTest@6c345c5f]" started-at="2020-11-22T21:28:27 NZDT" name="commonTearDown" finished-at="2020-11-22T21:28:29 NZDT" duration-ms="1230" status="PASS">
          <reporter-output>
          </reporter-output>
        </test-method> <!-- commonTearDown -->
      </class> <!-- payroll.testclasess.AddBankAccountTest -->
    </test> <!-- Application Test -->
  </suite> <!-- Regression Test Suite -->
</testng-results>
