<?xml version="1.0" encoding="UTF-8"?>
<testng-results ignored="0" total="2" passed="2" failed="0" skipped="0">
  <reporter-output>
  </reporter-output>
  <suite started-at="2020-11-22T19:41:34 NZDT" name="Regression Test Suite" finished-at="2020-11-22T19:44:42 NZDT" duration-ms="188914">
    <groups>
    </groups>
    <test started-at="2020-11-22T19:41:34 NZDT" name="Application Test" finished-at="2020-11-22T19:44:42 NZDT" duration-ms="188914">
      <class name="payroll.testclasess.AddBankAccountTest">
        <test-method is-config="true" signature="commonSetUp(java.lang.String, java.lang.String)[pri:0, instance:payroll.testclasess.AddBankAccountTest@66629f63]" started-at="2020-11-22T19:41:34 NZDT" name="commonSetUp" finished-at="2020-11-22T19:41:40 NZDT" duration-ms="6459" status="PASS">
          <params>
            <param index="0">
              <value>
                <![CDATA[chrome]]>
              </value>
            </param>
            <param index="1">
              <value>
                <![CDATA[Login]]>
              </value>
            </param>
          </params>
          <reporter-output>
          </reporter-output>
        </test-method> <!-- commonSetUp -->
        <test-method signature="logTotheSystem(java.lang.String, java.lang.String)[pri:0, instance:payroll.testclasess.AddBankAccountTest@66629f63]" started-at="2020-11-22T19:41:40 NZDT" name="logTotheSystem" data-provider="AddBankAccount" finished-at="2020-11-22T19:43:16 NZDT" duration-ms="95766" status="PASS">
          <params>
            <param index="0">
              <value>
                <![CDATA[jcmullage@gmail.com]]>
              </value>
            </param>
            <param index="1">
              <value>
                <![CDATA[2wsx1qaz~]]>
              </value>
            </param>
          </params>
          <reporter-output>
          </reporter-output>
        </test-method> <!-- logTotheSystem -->
        <test-method signature="logTotheSystem(java.lang.String, java.lang.String)[pri:0, instance:payroll.testclasess.AddBankAccountTest@66629f63]" started-at="2020-11-22T19:43:16 NZDT" name="logTotheSystem" data-provider="AddBankAccount" finished-at="2020-11-22T19:44:41 NZDT" duration-ms="85415" status="PASS">
          <params>
            <param index="0">
              <value>
                <![CDATA[jcmullage@gmail.com]]>
              </value>
            </param>
            <param index="1">
              <value>
                <![CDATA[2wsx1qaz~]]>
              </value>
            </param>
          </params>
          <reporter-output>
          </reporter-output>
        </test-method> <!-- logTotheSystem -->
        <test-method is-config="true" signature="commonTearDown()[pri:0, instance:payroll.testclasess.AddBankAccountTest@66629f63]" started-at="2020-11-22T19:44:41 NZDT" name="commonTearDown" finished-at="2020-11-22T19:44:42 NZDT" duration-ms="1205" status="PASS">
          <reporter-output>
          </reporter-output>
        </test-method> <!-- commonTearDown -->
      </class> <!-- payroll.testclasess.AddBankAccountTest -->
    </test> <!-- Application Test -->
  </suite> <!-- Regression Test Suite -->
</testng-results>
